============================= test session starts =============================
platform win32 -- Python 3.14.0, pytest-9.0.1, pluggy-1.6.0 -- C:\Python314\python.exe
cachedir: .pytest_cache
rootdir: C:\PDFP\pdf-editor-pro\frontend\tests
plugins: base-url-2.1.0, csv-3.0.0, playwright-0.7.2
collecting ... collected 6 items

test_ui.py::test_file_menu_functions[chromium] PASSED                    [ 16%]
test_ui.py::test_home_tab_broken_features[chromium] PASSED               [ 33%]
test_ui.py::test_edit_tab_placeholders[chromium] PASSED                  [ 50%]
test_ui.py::test_page_tab_working_features[chromium] PASSED              [ 66%]
test_ui.py::test_protect_tab_misleading_feature[chromium] PASSED         [ 83%]
test_ui.py::test_comment_tab_tools[chromium] PASSED                      [100%]

============================= 6 passed in 11.11s ==============================
