<?xml version="1.0" encoding="UTF-8"?>
<testsuite name="test_ui.TestUI-20251208133834" tests="9" file="test_ui.py" time="2.683" timestamp="2025-12-08T13:38:37" failures="0" errors="9" skipped="0">
	<testcase classname="test_ui.TestUI" name="test_comment_tab_tools" time="2.174" timestamp="2025-12-08T13:38:36" file="test_ui.py" line="38">
		<error type="WebDriverException" message="Message: WinAppDriver.exe has not been found in any of these locations: C:\Program Files (x86)\Windows Application Driver\WinAppDriver.exe,C:\Program Files\Windows Application Driver\WinAppDriver.exe,C:\Program Files\Windows Application Driver\WinAppDriver.exe. Use the following driver script to install it: 'appium driver run windows install-wad &lt;optional_wad_version&gt;'. Check https://github.com/microsoft/WinAppDriver/releases to list available server versions or drop the '&lt;optional_wad_version&gt;' argument to install the latest stable one.&#10;Stacktrace:&#10;UnknownError: WinAppDriver.exe has not been found in any of these locations: C:\Program Files (x86)\Windows Application Driver\WinAppDriver.exe,C:\Program Files\Windows Application Driver\WinAppDriver.exe,C:\Program Files\Windows Application Driver\WinAppDriver.exe. Use the following driver script to install it: 'appium driver run windows install-wad &lt;optional_wad_version&gt;'. Check https://github.com/microsoft/WinAppDriver/releases to list available server versions or drop the '&lt;optional_wad_version&gt;' argument to install the latest stable one.&#10;    at getResponseForW3CError (C:\Users\GoraBhattacharjee\AppData\Roaming\npm\node_modules\appium\node_modules\@appium\base-driver\lib\protocol\errors.ts:1103:34)&#10;    at asyncHandler (C:\Users\GoraBhattacharjee\AppData\Roaming\npm\node_modules\appium\node_modules\@appium\base-driver\lib\protocol\protocol.ts:507:57)&#10;The above error is caused by&#10;Error: WinAppDriver.exe has not been found in any of these locations: C:\Program Files (x86)\Windows Application Driver\WinAppDriver.exe,C:\Program Files\Windows Application Driver\WinAppDriver.exe,C:\Program Files\Windows Application Driver\WinAppDriver.exe. Use the following driver script to install it: 'appium driver run windows install-wad &lt;optional_wad_version&gt;'. Check https://github.com/microsoft/WinAppDriver/releases to list available server versions or drop the '&lt;optional_wad_version&gt;' argument to install the latest stable one.&#10;    at getWADInstallPath (C:\Users\GoraBhattacharjee\.appium\node_modules\appium-windows-driver\lib\installer.ts:95:9)&#10;    at WinAppDriver._prepareSessionWithBuiltInServer (C:\Users\GoraBhattacharjee\.appium\node_modules\appium-windows-driver\lib\winappdriver.ts:193:28)&#10;    at WinAppDriver.start (C:\Users\GoraBhattacharjee\.appium\node_modules\appium-windows-driver\lib\winappdriver.ts:164:7)&#10;    at WindowsDriver.startWinAppDriverSession (C:\Users\GoraBhattacharjee\.appium\node_modules\appium-windows-driver\lib\driver.ts:189:5)&#10;    at WindowsDriver.createSession (C:\Users\GoraBhattacharjee\.appium\node_modules\appium-windows-driver\lib\driver.ts:124:7)&#10;    at AppiumDriver.createSession (C:\Users\GoraBhattacharjee\AppData\Roaming\npm\node_modules\appium\lib\appium.js:360:35)"><![CDATA[Traceback (most recent call last):
  File [35m"C:\PDFP\pdf-editor-pro\frontend\tests\test_ui.py"[0m, line [35m14[0m, in [35msetUp[0m
    self.driver = [31mwebdriver.Remote[0m[1;31m([0m
                  [31m~~~~~~~~~~~~~~~~[0m[1;31m^[0m
        [1;31mcommand_executor='http://127.0.0.1:4723',[0m
        [1;31m^^^^^^^^^^^^^^^^^^^^^^^^^^^^^^^^^^^^^^^^^[0m
        [1;31moptions=opts[0m
        [1;31m^^^^^^^^^^^^[0m
    [1;31m)[0m
    [1;31m^[0m
  File [35m"C:\Users\GoraBhattacharjee\AppData\Roaming\Python\Python314\site-packages\appium\webdriver\webdriver.py"[0m, line [35m249[0m, in [35m__init__[0m
    [31msuper().__init__[0m[1;31m([0m
    [31m~~~~~~~~~~~~~~~~[0m[1;31m^[0m
        [1;31mcommand_executor=command_executor,[0m
        [1;31m^^^^^^^^^^^^^^^^^^^^^^^^^^^^^^^^^^[0m
    ...<3 lines>...
        [1;31mclient_config=client_config,[0m
        [1;31m^^^^^^^^^^^^^^^^^^^^^^^^^^^^[0m
    [1;31m)[0m
    [1;31m^[0m
  File [35m"C:\Users\GoraBhattacharjee\AppData\Roaming\Python\Python314\site-packages\selenium\webdriver\remote\webdriver.py"[0m, line [35m263[0m, in [35m__init__[0m
    [31mself.start_session[0m[1;31m(capabilities)[0m
    [31m~~~~~~~~~~~~~~~~~~[0m[1;31m^^^^^^^^^^^^^^[0m
  File [35m"C:\Users\GoraBhattacharjee\AppData\Roaming\Python\Python314\site-packages\appium\webdriver\webdriver.py"[0m, line [35m342[0m, in [35mstart_session[0m
    response = self.execute(RemoteCommand.NEW_SESSION, w3c_caps)
  File [35m"C:\Users\GoraBhattacharjee\AppData\Roaming\Python\Python314\site-packages\selenium\webdriver\remote\webdriver.py"[0m, line [35m458[0m, in [35mexecute[0m
    [31mself.error_handler.check_response[0m[1;31m(response)[0m
    [31m~~~~~~~~~~~~~~~~~~~~~~~~~~~~~~~~~[0m[1;31m^^^^^^^^^^[0m
  File [35m"C:\Users\GoraBhattacharjee\AppData\Roaming\Python\Python314\site-packages\selenium\webdriver\remote\errorhandler.py"[0m, line [35m233[0m, in [35mcheck_response[0m
    raise exception_class(message, screen, stacktrace)
[1;35mselenium.common.exceptions.WebDriverException[0m: [35mMessage: WinAppDriver.exe has not been found in any of these locations: C:\Program Files (x86)\Windows Application Driver\WinAppDriver.exe,C:\Program Files\Windows Application Driver\WinAppDriver.exe,C:\Program Files\Windows Application Driver\WinAppDriver.exe. Use the following driver script to install it: 'appium driver run windows install-wad <optional_wad_version>'. Check https://github.com/microsoft/WinAppDriver/releases to list available server versions or drop the '<optional_wad_version>' argument to install the latest stable one.
Stacktrace:
UnknownError: WinAppDriver.exe has not been found in any of these locations: C:\Program Files (x86)\Windows Application Driver\WinAppDriver.exe,C:\Program Files\Windows Application Driver\WinAppDriver.exe,C:\Program Files\Windows Application Driver\WinAppDriver.exe. Use the following driver script to install it: 'appium driver run windows install-wad <optional_wad_version>'. Check https://github.com/microsoft/WinAppDriver/releases to list available server versions or drop the '<optional_wad_version>' argument to install the latest stable one.
    at getResponseForW3CError (C:\Users\GoraBhattacharjee\AppData\Roaming\npm\node_modules\appium\node_modules\@appium\base-driver\lib\protocol\errors.ts:1103:34)
    at asyncHandler (C:\Users\GoraBhattacharjee\AppData\Roaming\npm\node_modules\appium\node_modules\@appium\base-driver\lib\protocol\protocol.ts:507:57)
The above error is caused by
Error: WinAppDriver.exe has not been found in any of these locations: C:\Program Files (x86)\Windows Application Driver\WinAppDriver.exe,C:\Program Files\Windows Application Driver\WinAppDriver.exe,C:\Program Files\Windows Application Driver\WinAppDriver.exe. Use the following driver script to install it: 'appium driver run windows install-wad <optional_wad_version>'. Check https://github.com/microsoft/WinAppDriver/releases to list available server versions or drop the '<optional_wad_version>' argument to install the latest stable one.
    at getWADInstallPath (C:\Users\GoraBhattacharjee\.appium\node_modules\appium-windows-driver\lib\installer.ts:95:9)
    at WinAppDriver._prepareSessionWithBuiltInServer (C:\Users\GoraBhattacharjee\.appium\node_modules\appium-windows-driver\lib\winappdriver.ts:193:28)
    at WinAppDriver.start (C:\Users\GoraBhattacharjee\.appium\node_modules\appium-windows-driver\lib\winappdriver.ts:164:7)
    at WindowsDriver.startWinAppDriverSession (C:\Users\GoraBhattacharjee\.appium\node_modules\appium-windows-driver\lib\driver.ts:189:5)
    at WindowsDriver.createSession (C:\Users\GoraBhattacharjee\.appium\node_modules\appium-windows-driver\lib\driver.ts:124:7)
    at AppiumDriver.createSession (C:\Users\GoraBhattacharjee\AppData\Roaming\npm\node_modules\appium\lib\appium.js:360:35)[0m
]]></error>
	</testcase>
	<testcase classname="test_ui.TestUI" name="test_convert_tab" time="0.079" timestamp="2025-12-08T13:38:36" file="test_ui.py" line="66">
		<error type="WebDriverException" message="Message: WinAppDriver.exe has not been found in any of these locations: C:\Program Files (x86)\Windows Application Driver\WinAppDriver.exe,C:\Program Files\Windows Application Driver\WinAppDriver.exe,C:\Program Files\Windows Application Driver\WinAppDriver.exe. Use the following driver script to install it: 'appium driver run windows install-wad &lt;optional_wad_version&gt;'. Check https://github.com/microsoft/WinAppDriver/releases to list available server versions or drop the '&lt;optional_wad_version&gt;' argument to install the latest stable one.&#10;Stacktrace:&#10;UnknownError: WinAppDriver.exe has not been found in any of these locations: C:\Program Files (x86)\Windows Application Driver\WinAppDriver.exe,C:\Program Files\Windows Application Driver\WinAppDriver.exe,C:\Program Files\Windows Application Driver\WinAppDriver.exe. Use the following driver script to install it: 'appium driver run windows install-wad &lt;optional_wad_version&gt;'. Check https://github.com/microsoft/WinAppDriver/releases to list available server versions or drop the '&lt;optional_wad_version&gt;' argument to install the latest stable one.&#10;    at getResponseForW3CError (C:\Users\GoraBhattacharjee\AppData\Roaming\npm\node_modules\appium\node_modules\@appium\base-driver\lib\protocol\errors.ts:1103:34)&#10;    at asyncHandler (C:\Users\GoraBhattacharjee\AppData\Roaming\npm\node_modules\appium\node_modules\@appium\base-driver\lib\protocol\protocol.ts:507:57)&#10;The above error is caused by&#10;Error: WinAppDriver.exe has not been found in any of these locations: C:\Program Files (x86)\Windows Application Driver\WinAppDriver.exe,C:\Program Files\Windows Application Driver\WinAppDriver.exe,C:\Program Files\Windows Application Driver\WinAppDriver.exe. Use the following driver script to install it: 'appium driver run windows install-wad &lt;optional_wad_version&gt;'. Check https://github.com/microsoft/WinAppDriver/releases to list available server versions or drop the '&lt;optional_wad_version&gt;' argument to install the latest stable one.&#10;    at getWADInstallPath (C:\Users\GoraBhattacharjee\.appium\node_modules\appium-windows-driver\lib\installer.ts:95:9)&#10;    at WinAppDriver._prepareSessionWithBuiltInServer (C:\Users\GoraBhattacharjee\.appium\node_modules\appium-windows-driver\lib\winappdriver.ts:193:28)&#10;    at WinAppDriver.start (C:\Users\GoraBhattacharjee\.appium\node_modules\appium-windows-driver\lib\winappdriver.ts:164:7)&#10;    at WindowsDriver.startWinAppDriverSession (C:\Users\GoraBhattacharjee\.appium\node_modules\appium-windows-driver\lib\driver.ts:189:5)&#10;    at WindowsDriver.createSession (C:\Users\GoraBhattacharjee\.appium\node_modules\appium-windows-driver\lib\driver.ts:124:7)&#10;    at AppiumDriver.createSession (C:\Users\GoraBhattacharjee\AppData\Roaming\npm\node_modules\appium\lib\appium.js:360:35)"><![CDATA[Traceback (most recent call last):
  File [35m"C:\PDFP\pdf-editor-pro\frontend\tests\test_ui.py"[0m, line [35m14[0m, in [35msetUp[0m
    self.driver = [31mwebdriver.Remote[0m[1;31m([0m
                  [31m~~~~~~~~~~~~~~~~[0m[1;31m^[0m
        [1;31mcommand_executor='http://127.0.0.1:4723',[0m
        [1;31m^^^^^^^^^^^^^^^^^^^^^^^^^^^^^^^^^^^^^^^^^[0m
        [1;31moptions=opts[0m
        [1;31m^^^^^^^^^^^^[0m
    [1;31m)[0m
    [1;31m^[0m
  File [35m"C:\Users\GoraBhattacharjee\AppData\Roaming\Python\Python314\site-packages\appium\webdriver\webdriver.py"[0m, line [35m249[0m, in [35m__init__[0m
    [31msuper().__init__[0m[1;31m([0m
    [31m~~~~~~~~~~~~~~~~[0m[1;31m^[0m
        [1;31mcommand_executor=command_executor,[0m
        [1;31m^^^^^^^^^^^^^^^^^^^^^^^^^^^^^^^^^^[0m
    ...<3 lines>...
        [1;31mclient_config=client_config,[0m
        [1;31m^^^^^^^^^^^^^^^^^^^^^^^^^^^^[0m
    [1;31m)[0m
    [1;31m^[0m
  File [35m"C:\Users\GoraBhattacharjee\AppData\Roaming\Python\Python314\site-packages\selenium\webdriver\remote\webdriver.py"[0m, line [35m263[0m, in [35m__init__[0m
    [31mself.start_session[0m[1;31m(capabilities)[0m
    [31m~~~~~~~~~~~~~~~~~~[0m[1;31m^^^^^^^^^^^^^^[0m
  File [35m"C:\Users\GoraBhattacharjee\AppData\Roaming\Python\Python314\site-packages\appium\webdriver\webdriver.py"[0m, line [35m342[0m, in [35mstart_session[0m
    response = self.execute(RemoteCommand.NEW_SESSION, w3c_caps)
  File [35m"C:\Users\GoraBhattacharjee\AppData\Roaming\Python\Python314\site-packages\selenium\webdriver\remote\webdriver.py"[0m, line [35m458[0m, in [35mexecute[0m
    [31mself.error_handler.check_response[0m[1;31m(response)[0m
    [31m~~~~~~~~~~~~~~~~~~~~~~~~~~~~~~~~~[0m[1;31m^^^^^^^^^^[0m
  File [35m"C:\Users\GoraBhattacharjee\AppData\Roaming\Python\Python314\site-packages\selenium\webdriver\remote\errorhandler.py"[0m, line [35m233[0m, in [35mcheck_response[0m
    raise exception_class(message, screen, stacktrace)
[1;35mselenium.common.exceptions.WebDriverException[0m: [35mMessage: WinAppDriver.exe has not been found in any of these locations: C:\Program Files (x86)\Windows Application Driver\WinAppDriver.exe,C:\Program Files\Windows Application Driver\WinAppDriver.exe,C:\Program Files\Windows Application Driver\WinAppDriver.exe. Use the following driver script to install it: 'appium driver run windows install-wad <optional_wad_version>'. Check https://github.com/microsoft/WinAppDriver/releases to list available server versions or drop the '<optional_wad_version>' argument to install the latest stable one.
Stacktrace:
UnknownError: WinAppDriver.exe has not been found in any of these locations: C:\Program Files (x86)\Windows Application Driver\WinAppDriver.exe,C:\Program Files\Windows Application Driver\WinAppDriver.exe,C:\Program Files\Windows Application Driver\WinAppDriver.exe. Use the following driver script to install it: 'appium driver run windows install-wad <optional_wad_version>'. Check https://github.com/microsoft/WinAppDriver/releases to list available server versions or drop the '<optional_wad_version>' argument to install the latest stable one.
    at getResponseForW3CError (C:\Users\GoraBhattacharjee\AppData\Roaming\npm\node_modules\appium\node_modules\@appium\base-driver\lib\protocol\errors.ts:1103:34)
    at asyncHandler (C:\Users\GoraBhattacharjee\AppData\Roaming\npm\node_modules\appium\node_modules\@appium\base-driver\lib\protocol\protocol.ts:507:57)
The above error is caused by
Error: WinAppDriver.exe has not been found in any of these locations: C:\Program Files (x86)\Windows Application Driver\WinAppDriver.exe,C:\Program Files\Windows Application Driver\WinAppDriver.exe,C:\Program Files\Windows Application Driver\WinAppDriver.exe. Use the following driver script to install it: 'appium driver run windows install-wad <optional_wad_version>'. Check https://github.com/microsoft/WinAppDriver/releases to list available server versions or drop the '<optional_wad_version>' argument to install the latest stable one.
    at getWADInstallPath (C:\Users\GoraBhattacharjee\.appium\node_modules\appium-windows-driver\lib\installer.ts:95:9)
    at WinAppDriver._prepareSessionWithBuiltInServer (C:\Users\GoraBhattacharjee\.appium\node_modules\appium-windows-driver\lib\winappdriver.ts:193:28)
    at WinAppDriver.start (C:\Users\GoraBhattacharjee\.appium\node_modules\appium-windows-driver\lib\winappdriver.ts:164:7)
    at WindowsDriver.startWinAppDriverSession (C:\Users\GoraBhattacharjee\.appium\node_modules\appium-windows-driver\lib\driver.ts:189:5)
    at WindowsDriver.createSession (C:\Users\GoraBhattacharjee\.appium\node_modules\appium-windows-driver\lib\driver.ts:124:7)
    at AppiumDriver.createSession (C:\Users\GoraBhattacharjee\AppData\Roaming\npm\node_modules\appium\lib\appium.js:360:35)[0m
]]></error>
	</testcase>
	<testcase classname="test_ui.TestUI" name="test_edit_tab_spec" time="0.067" timestamp="2025-12-08T13:38:36" file="test_ui.py" line="45">
		<error type="WebDriverException" message="Message: WinAppDriver.exe has not been found in any of these locations: C:\Program Files (x86)\Windows Application Driver\WinAppDriver.exe,C:\Program Files\Windows Application Driver\WinAppDriver.exe,C:\Program Files\Windows Application Driver\WinAppDriver.exe. Use the following driver script to install it: 'appium driver run windows install-wad &lt;optional_wad_version&gt;'. Check https://github.com/microsoft/WinAppDriver/releases to list available server versions or drop the '&lt;optional_wad_version&gt;' argument to install the latest stable one.&#10;Stacktrace:&#10;UnknownError: WinAppDriver.exe has not been found in any of these locations: C:\Program Files (x86)\Windows Application Driver\WinAppDriver.exe,C:\Program Files\Windows Application Driver\WinAppDriver.exe,C:\Program Files\Windows Application Driver\WinAppDriver.exe. Use the following driver script to install it: 'appium driver run windows install-wad &lt;optional_wad_version&gt;'. Check https://github.com/microsoft/WinAppDriver/releases to list available server versions or drop the '&lt;optional_wad_version&gt;' argument to install the latest stable one.&#10;    at getResponseForW3CError (C:\Users\GoraBhattacharjee\AppData\Roaming\npm\node_modules\appium\node_modules\@appium\base-driver\lib\protocol\errors.ts:1103:34)&#10;    at asyncHandler (C:\Users\GoraBhattacharjee\AppData\Roaming\npm\node_modules\appium\node_modules\@appium\base-driver\lib\protocol\protocol.ts:507:57)&#10;The above error is caused by&#10;Error: WinAppDriver.exe has not been found in any of these locations: C:\Program Files (x86)\Windows Application Driver\WinAppDriver.exe,C:\Program Files\Windows Application Driver\WinAppDriver.exe,C:\Program Files\Windows Application Driver\WinAppDriver.exe. Use the following driver script to install it: 'appium driver run windows install-wad &lt;optional_wad_version&gt;'. Check https://github.com/microsoft/WinAppDriver/releases to list available server versions or drop the '&lt;optional_wad_version&gt;' argument to install the latest stable one.&#10;    at getWADInstallPath (C:\Users\GoraBhattacharjee\.appium\node_modules\appium-windows-driver\lib\installer.ts:95:9)&#10;    at WinAppDriver._prepareSessionWithBuiltInServer (C:\Users\GoraBhattacharjee\.appium\node_modules\appium-windows-driver\lib\winappdriver.ts:193:28)&#10;    at WinAppDriver.start (C:\Users\GoraBhattacharjee\.appium\node_modules\appium-windows-driver\lib\winappdriver.ts:164:7)&#10;    at WindowsDriver.startWinAppDriverSession (C:\Users\GoraBhattacharjee\.appium\node_modules\appium-windows-driver\lib\driver.ts:189:5)&#10;    at WindowsDriver.createSession (C:\Users\GoraBhattacharjee\.appium\node_modules\appium-windows-driver\lib\driver.ts:124:7)&#10;    at AppiumDriver.createSession (C:\Users\GoraBhattacharjee\AppData\Roaming\npm\node_modules\appium\lib\appium.js:360:35)"><![CDATA[Traceback (most recent call last):
  File [35m"C:\PDFP\pdf-editor-pro\frontend\tests\test_ui.py"[0m, line [35m14[0m, in [35msetUp[0m
    self.driver = [31mwebdriver.Remote[0m[1;31m([0m
                  [31m~~~~~~~~~~~~~~~~[0m[1;31m^[0m
        [1;31mcommand_executor='http://127.0.0.1:4723',[0m
        [1;31m^^^^^^^^^^^^^^^^^^^^^^^^^^^^^^^^^^^^^^^^^[0m
        [1;31moptions=opts[0m
        [1;31m^^^^^^^^^^^^[0m
    [1;31m)[0m
    [1;31m^[0m
  File [35m"C:\Users\GoraBhattacharjee\AppData\Roaming\Python\Python314\site-packages\appium\webdriver\webdriver.py"[0m, line [35m249[0m, in [35m__init__[0m
    [31msuper().__init__[0m[1;31m([0m
    [31m~~~~~~~~~~~~~~~~[0m[1;31m^[0m
        [1;31mcommand_executor=command_executor,[0m
        [1;31m^^^^^^^^^^^^^^^^^^^^^^^^^^^^^^^^^^[0m
    ...<3 lines>...
        [1;31mclient_config=client_config,[0m
        [1;31m^^^^^^^^^^^^^^^^^^^^^^^^^^^^[0m
    [1;31m)[0m
    [1;31m^[0m
  File [35m"C:\Users\GoraBhattacharjee\AppData\Roaming\Python\Python314\site-packages\selenium\webdriver\remote\webdriver.py"[0m, line [35m263[0m, in [35m__init__[0m
    [31mself.start_session[0m[1;31m(capabilities)[0m
    [31m~~~~~~~~~~~~~~~~~~[0m[1;31m^^^^^^^^^^^^^^[0m
  File [35m"C:\Users\GoraBhattacharjee\AppData\Roaming\Python\Python314\site-packages\appium\webdriver\webdriver.py"[0m, line [35m342[0m, in [35mstart_session[0m
    response = self.execute(RemoteCommand.NEW_SESSION, w3c_caps)
  File [35m"C:\Users\GoraBhattacharjee\AppData\Roaming\Python\Python314\site-packages\selenium\webdriver\remote\webdriver.py"[0m, line [35m458[0m, in [35mexecute[0m
    [31mself.error_handler.check_response[0m[1;31m(response)[0m
    [31m~~~~~~~~~~~~~~~~~~~~~~~~~~~~~~~~~[0m[1;31m^^^^^^^^^^[0m
  File [35m"C:\Users\GoraBhattacharjee\AppData\Roaming\Python\Python314\site-packages\selenium\webdriver\remote\errorhandler.py"[0m, line [35m233[0m, in [35mcheck_response[0m
    raise exception_class(message, screen, stacktrace)
[1;35mselenium.common.exceptions.WebDriverException[0m: [35mMessage: WinAppDriver.exe has not been found in any of these locations: C:\Program Files (x86)\Windows Application Driver\WinAppDriver.exe,C:\Program Files\Windows Application Driver\WinAppDriver.exe,C:\Program Files\Windows Application Driver\WinAppDriver.exe. Use the following driver script to install it: 'appium driver run windows install-wad <optional_wad_version>'. Check https://github.com/microsoft/WinAppDriver/releases to list available server versions or drop the '<optional_wad_version>' argument to install the latest stable one.
Stacktrace:
UnknownError: WinAppDriver.exe has not been found in any of these locations: C:\Program Files (x86)\Windows Application Driver\WinAppDriver.exe,C:\Program Files\Windows Application Driver\WinAppDriver.exe,C:\Program Files\Windows Application Driver\WinAppDriver.exe. Use the following driver script to install it: 'appium driver run windows install-wad <optional_wad_version>'. Check https://github.com/microsoft/WinAppDriver/releases to list available server versions or drop the '<optional_wad_version>' argument to install the latest stable one.
    at getResponseForW3CError (C:\Users\GoraBhattacharjee\AppData\Roaming\npm\node_modules\appium\node_modules\@appium\base-driver\lib\protocol\errors.ts:1103:34)
    at asyncHandler (C:\Users\GoraBhattacharjee\AppData\Roaming\npm\node_modules\appium\node_modules\@appium\base-driver\lib\protocol\protocol.ts:507:57)
The above error is caused by
Error: WinAppDriver.exe has not been found in any of these locations: C:\Program Files (x86)\Windows Application Driver\WinAppDriver.exe,C:\Program Files\Windows Application Driver\WinAppDriver.exe,C:\Program Files\Windows Application Driver\WinAppDriver.exe. Use the following driver script to install it: 'appium driver run windows install-wad <optional_wad_version>'. Check https://github.com/microsoft/WinAppDriver/releases to list available server versions or drop the '<optional_wad_version>' argument to install the latest stable one.
    at getWADInstallPath (C:\Users\GoraBhattacharjee\.appium\node_modules\appium-windows-driver\lib\installer.ts:95:9)
    at WinAppDriver._prepareSessionWithBuiltInServer (C:\Users\GoraBhattacharjee\.appium\node_modules\appium-windows-driver\lib\winappdriver.ts:193:28)
    at WinAppDriver.start (C:\Users\GoraBhattacharjee\.appium\node_modules\appium-windows-driver\lib\winappdriver.ts:164:7)
    at WindowsDriver.startWinAppDriverSession (C:\Users\GoraBhattacharjee\.appium\node_modules\appium-windows-driver\lib\driver.ts:189:5)
    at WindowsDriver.createSession (C:\Users\GoraBhattacharjee\.appium\node_modules\appium-windows-driver\lib\driver.ts:124:7)
    at AppiumDriver.createSession (C:\Users\GoraBhattacharjee\AppData\Roaming\npm\node_modules\appium\lib\appium.js:360:35)[0m
]]></error>
	</testcase>
	<testcase classname="test_ui.TestUI" name="test_file_menu_spec" time="0.061" timestamp="2025-12-08T13:38:36" file="test_ui.py" line="24">
		<error type="WebDriverException" message="Message: WinAppDriver.exe has not been found in any of these locations: C:\Program Files (x86)\Windows Application Driver\WinAppDriver.exe,C:\Program Files\Windows Application Driver\WinAppDriver.exe,C:\Program Files\Windows Application Driver\WinAppDriver.exe. Use the following driver script to install it: 'appium driver run windows install-wad &lt;optional_wad_version&gt;'. Check https://github.com/microsoft/WinAppDriver/releases to list available server versions or drop the '&lt;optional_wad_version&gt;' argument to install the latest stable one.&#10;Stacktrace:&#10;UnknownError: WinAppDriver.exe has not been found in any of these locations: C:\Program Files (x86)\Windows Application Driver\WinAppDriver.exe,C:\Program Files\Windows Application Driver\WinAppDriver.exe,C:\Program Files\Windows Application Driver\WinAppDriver.exe. Use the following driver script to install it: 'appium driver run windows install-wad &lt;optional_wad_version&gt;'. Check https://github.com/microsoft/WinAppDriver/releases to list available server versions or drop the '&lt;optional_wad_version&gt;' argument to install the latest stable one.&#10;    at getResponseForW3CError (C:\Users\GoraBhattacharjee\AppData\Roaming\npm\node_modules\appium\node_modules\@appium\base-driver\lib\protocol\errors.ts:1103:34)&#10;    at asyncHandler (C:\Users\GoraBhattacharjee\AppData\Roaming\npm\node_modules\appium\node_modules\@appium\base-driver\lib\protocol\protocol.ts:507:57)&#10;The above error is caused by&#10;Error: WinAppDriver.exe has not been found in any of these locations: C:\Program Files (x86)\Windows Application Driver\WinAppDriver.exe,C:\Program Files\Windows Application Driver\WinAppDriver.exe,C:\Program Files\Windows Application Driver\WinAppDriver.exe. Use the following driver script to install it: 'appium driver run windows install-wad &lt;optional_wad_version&gt;'. Check https://github.com/microsoft/WinAppDriver/releases to list available server versions or drop the '&lt;optional_wad_version&gt;' argument to install the latest stable one.&#10;    at getWADInstallPath (C:\Users\GoraBhattacharjee\.appium\node_modules\appium-windows-driver\lib\installer.ts:95:9)&#10;    at WinAppDriver._prepareSessionWithBuiltInServer (C:\Users\GoraBhattacharjee\.appium\node_modules\appium-windows-driver\lib\winappdriver.ts:193:28)&#10;    at WinAppDriver.start (C:\Users\GoraBhattacharjee\.appium\node_modules\appium-windows-driver\lib\winappdriver.ts:164:7)&#10;    at WindowsDriver.startWinAppDriverSession (C:\Users\GoraBhattacharjee\.appium\node_modules\appium-windows-driver\lib\driver.ts:189:5)&#10;    at WindowsDriver.createSession (C:\Users\GoraBhattacharjee\.appium\node_modules\appium-windows-driver\lib\driver.ts:124:7)&#10;    at AppiumDriver.createSession (C:\Users\GoraBhattacharjee\AppData\Roaming\npm\node_modules\appium\lib\appium.js:360:35)"><![CDATA[Traceback (most recent call last):
  File [35m"C:\PDFP\pdf-editor-pro\frontend\tests\test_ui.py"[0m, line [35m14[0m, in [35msetUp[0m
    self.driver = [31mwebdriver.Remote[0m[1;31m([0m
                  [31m~~~~~~~~~~~~~~~~[0m[1;31m^[0m
        [1;31mcommand_executor='http://127.0.0.1:4723',[0m
        [1;31m^^^^^^^^^^^^^^^^^^^^^^^^^^^^^^^^^^^^^^^^^[0m
        [1;31moptions=opts[0m
        [1;31m^^^^^^^^^^^^[0m
    [1;31m)[0m
    [1;31m^[0m
  File [35m"C:\Users\GoraBhattacharjee\AppData\Roaming\Python\Python314\site-packages\appium\webdriver\webdriver.py"[0m, line [35m249[0m, in [35m__init__[0m
    [31msuper().__init__[0m[1;31m([0m
    [31m~~~~~~~~~~~~~~~~[0m[1;31m^[0m
        [1;31mcommand_executor=command_executor,[0m
        [1;31m^^^^^^^^^^^^^^^^^^^^^^^^^^^^^^^^^^[0m
    ...<3 lines>...
        [1;31mclient_config=client_config,[0m
        [1;31m^^^^^^^^^^^^^^^^^^^^^^^^^^^^[0m
    [1;31m)[0m
    [1;31m^[0m
  File [35m"C:\Users\GoraBhattacharjee\AppData\Roaming\Python\Python314\site-packages\selenium\webdriver\remote\webdriver.py"[0m, line [35m263[0m, in [35m__init__[0m
    [31mself.start_session[0m[1;31m(capabilities)[0m
    [31m~~~~~~~~~~~~~~~~~~[0m[1;31m^^^^^^^^^^^^^^[0m
  File [35m"C:\Users\GoraBhattacharjee\AppData\Roaming\Python\Python314\site-packages\appium\webdriver\webdriver.py"[0m, line [35m342[0m, in [35mstart_session[0m
    response = self.execute(RemoteCommand.NEW_SESSION, w3c_caps)
  File [35m"C:\Users\GoraBhattacharjee\AppData\Roaming\Python\Python314\site-packages\selenium\webdriver\remote\webdriver.py"[0m, line [35m458[0m, in [35mexecute[0m
    [31mself.error_handler.check_response[0m[1;31m(response)[0m
    [31m~~~~~~~~~~~~~~~~~~~~~~~~~~~~~~~~~[0m[1;31m^^^^^^^^^^[0m
  File [35m"C:\Users\GoraBhattacharjee\AppData\Roaming\Python\Python314\site-packages\selenium\webdriver\remote\errorhandler.py"[0m, line [35m233[0m, in [35mcheck_response[0m
    raise exception_class(message, screen, stacktrace)
[1;35mselenium.common.exceptions.WebDriverException[0m: [35mMessage: WinAppDriver.exe has not been found in any of these locations: C:\Program Files (x86)\Windows Application Driver\WinAppDriver.exe,C:\Program Files\Windows Application Driver\WinAppDriver.exe,C:\Program Files\Windows Application Driver\WinAppDriver.exe. Use the following driver script to install it: 'appium driver run windows install-wad <optional_wad_version>'. Check https://github.com/microsoft/WinAppDriver/releases to list available server versions or drop the '<optional_wad_version>' argument to install the latest stable one.
Stacktrace:
UnknownError: WinAppDriver.exe has not been found in any of these locations: C:\Program Files (x86)\Windows Application Driver\WinAppDriver.exe,C:\Program Files\Windows Application Driver\WinAppDriver.exe,C:\Program Files\Windows Application Driver\WinAppDriver.exe. Use the following driver script to install it: 'appium driver run windows install-wad <optional_wad_version>'. Check https://github.com/microsoft/WinAppDriver/releases to list available server versions or drop the '<optional_wad_version>' argument to install the latest stable one.
    at getResponseForW3CError (C:\Users\GoraBhattacharjee\AppData\Roaming\npm\node_modules\appium\node_modules\@appium\base-driver\lib\protocol\errors.ts:1103:34)
    at asyncHandler (C:\Users\GoraBhattacharjee\AppData\Roaming\npm\node_modules\appium\node_modules\@appium\base-driver\lib\protocol\protocol.ts:507:57)
The above error is caused by
Error: WinAppDriver.exe has not been found in any of these locations: C:\Program Files (x86)\Windows Application Driver\WinAppDriver.exe,C:\Program Files\Windows Application Driver\WinAppDriver.exe,C:\Program Files\Windows Application Driver\WinAppDriver.exe. Use the following driver script to install it: 'appium driver run windows install-wad <optional_wad_version>'. Check https://github.com/microsoft/WinAppDriver/releases to list available server versions or drop the '<optional_wad_version>' argument to install the latest stable one.
    at getWADInstallPath (C:\Users\GoraBhattacharjee\.appium\node_modules\appium-windows-driver\lib\installer.ts:95:9)
    at WinAppDriver._prepareSessionWithBuiltInServer (C:\Users\GoraBhattacharjee\.appium\node_modules\appium-windows-driver\lib\winappdriver.ts:193:28)
    at WinAppDriver.start (C:\Users\GoraBhattacharjee\.appium\node_modules\appium-windows-driver\lib\winappdriver.ts:164:7)
    at WindowsDriver.startWinAppDriverSession (C:\Users\GoraBhattacharjee\.appium\node_modules\appium-windows-driver\lib\driver.ts:189:5)
    at WindowsDriver.createSession (C:\Users\GoraBhattacharjee\.appium\node_modules\appium-windows-driver\lib\driver.ts:124:7)
    at AppiumDriver.createSession (C:\Users\GoraBhattacharjee\AppData\Roaming\npm\node_modules\appium\lib\appium.js:360:35)[0m
]]></error>
	</testcase>
	<testcase classname="test_ui.TestUI" name="test_home_tab_spec" time="0.061" timestamp="2025-12-08T13:38:36" file="test_ui.py" line="31">
		<error type="WebDriverException" message="Message: WinAppDriver.exe has not been found in any of these locations: C:\Program Files (x86)\Windows Application Driver\WinAppDriver.exe,C:\Program Files\Windows Application Driver\WinAppDriver.exe,C:\Program Files\Windows Application Driver\WinAppDriver.exe. Use the following driver script to install it: 'appium driver run windows install-wad &lt;optional_wad_version&gt;'. Check https://github.com/microsoft/WinAppDriver/releases to list available server versions or drop the '&lt;optional_wad_version&gt;' argument to install the latest stable one.&#10;Stacktrace:&#10;UnknownError: WinAppDriver.exe has not been found in any of these locations: C:\Program Files (x86)\Windows Application Driver\WinAppDriver.exe,C:\Program Files\Windows Application Driver\WinAppDriver.exe,C:\Program Files\Windows Application Driver\WinAppDriver.exe. Use the following driver script to install it: 'appium driver run windows install-wad &lt;optional_wad_version&gt;'. Check https://github.com/microsoft/WinAppDriver/releases to list available server versions or drop the '&lt;optional_wad_version&gt;' argument to install the latest stable one.&#10;    at getResponseForW3CError (C:\Users\GoraBhattacharjee\AppData\Roaming\npm\node_modules\appium\node_modules\@appium\base-driver\lib\protocol\errors.ts:1103:34)&#10;    at asyncHandler (C:\Users\GoraBhattacharjee\AppData\Roaming\npm\node_modules\appium\node_modules\@appium\base-driver\lib\protocol\protocol.ts:507:57)&#10;The above error is caused by&#10;Error: WinAppDriver.exe has not been found in any of these locations: C:\Program Files (x86)\Windows Application Driver\WinAppDriver.exe,C:\Program Files\Windows Application Driver\WinAppDriver.exe,C:\Program Files\Windows Application Driver\WinAppDriver.exe. Use the following driver script to install it: 'appium driver run windows install-wad &lt;optional_wad_version&gt;'. Check https://github.com/microsoft/WinAppDriver/releases to list available server versions or drop the '&lt;optional_wad_version&gt;' argument to install the latest stable one.&#10;    at getWADInstallPath (C:\Users\GoraBhattacharjee\.appium\node_modules\appium-windows-driver\lib\installer.ts:95:9)&#10;    at WinAppDriver._prepareSessionWithBuiltInServer (C:\Users\GoraBhattacharjee\.appium\node_modules\appium-windows-driver\lib\winappdriver.ts:193:28)&#10;    at WinAppDriver.start (C:\Users\GoraBhattacharjee\.appium\node_modules\appium-windows-driver\lib\winappdriver.ts:164:7)&#10;    at WindowsDriver.startWinAppDriverSession (C:\Users\GoraBhattacharjee\.appium\node_modules\appium-windows-driver\lib\driver.ts:189:5)&#10;    at WindowsDriver.createSession (C:\Users\GoraBhattacharjee\.appium\node_modules\appium-windows-driver\lib\driver.ts:124:7)&#10;    at AppiumDriver.createSession (C:\Users\GoraBhattacharjee\AppData\Roaming\npm\node_modules\appium\lib\appium.js:360:35)"><![CDATA[Traceback (most recent call last):
  File [35m"C:\PDFP\pdf-editor-pro\frontend\tests\test_ui.py"[0m, line [35m14[0m, in [35msetUp[0m
    self.driver = [31mwebdriver.Remote[0m[1;31m([0m
                  [31m~~~~~~~~~~~~~~~~[0m[1;31m^[0m
        [1;31mcommand_executor='http://127.0.0.1:4723',[0m
        [1;31m^^^^^^^^^^^^^^^^^^^^^^^^^^^^^^^^^^^^^^^^^[0m
        [1;31moptions=opts[0m
        [1;31m^^^^^^^^^^^^[0m
    [1;31m)[0m
    [1;31m^[0m
  File [35m"C:\Users\GoraBhattacharjee\AppData\Roaming\Python\Python314\site-packages\appium\webdriver\webdriver.py"[0m, line [35m249[0m, in [35m__init__[0m
    [31msuper().__init__[0m[1;31m([0m
    [31m~~~~~~~~~~~~~~~~[0m[1;31m^[0m
        [1;31mcommand_executor=command_executor,[0m
        [1;31m^^^^^^^^^^^^^^^^^^^^^^^^^^^^^^^^^^[0m
    ...<3 lines>...
        [1;31mclient_config=client_config,[0m
        [1;31m^^^^^^^^^^^^^^^^^^^^^^^^^^^^[0m
    [1;31m)[0m
    [1;31m^[0m
  File [35m"C:\Users\GoraBhattacharjee\AppData\Roaming\Python\Python314\site-packages\selenium\webdriver\remote\webdriver.py"[0m, line [35m263[0m, in [35m__init__[0m
    [31mself.start_session[0m[1;31m(capabilities)[0m
    [31m~~~~~~~~~~~~~~~~~~[0m[1;31m^^^^^^^^^^^^^^[0m
  File [35m"C:\Users\GoraBhattacharjee\AppData\Roaming\Python\Python314\site-packages\appium\webdriver\webdriver.py"[0m, line [35m342[0m, in [35mstart_session[0m
    response = self.execute(RemoteCommand.NEW_SESSION, w3c_caps)
  File [35m"C:\Users\GoraBhattacharjee\AppData\Roaming\Python\Python314\site-packages\selenium\webdriver\remote\webdriver.py"[0m, line [35m458[0m, in [35mexecute[0m
    [31mself.error_handler.check_response[0m[1;31m(response)[0m
    [31m~~~~~~~~~~~~~~~~~~~~~~~~~~~~~~~~~[0m[1;31m^^^^^^^^^^[0m
  File [35m"C:\Users\GoraBhattacharjee\AppData\Roaming\Python\Python314\site-packages\selenium\webdriver\remote\errorhandler.py"[0m, line [35m233[0m, in [35mcheck_response[0m
    raise exception_class(message, screen, stacktrace)
[1;35mselenium.common.exceptions.WebDriverException[0m: [35mMessage: WinAppDriver.exe has not been found in any of these locations: C:\Program Files (x86)\Windows Application Driver\WinAppDriver.exe,C:\Program Files\Windows Application Driver\WinAppDriver.exe,C:\Program Files\Windows Application Driver\WinAppDriver.exe. Use the following driver script to install it: 'appium driver run windows install-wad <optional_wad_version>'. Check https://github.com/microsoft/WinAppDriver/releases to list available server versions or drop the '<optional_wad_version>' argument to install the latest stable one.
Stacktrace:
UnknownError: WinAppDriver.exe has not been found in any of these locations: C:\Program Files (x86)\Windows Application Driver\WinAppDriver.exe,C:\Program Files\Windows Application Driver\WinAppDriver.exe,C:\Program Files\Windows Application Driver\WinAppDriver.exe. Use the following driver script to install it: 'appium driver run windows install-wad <optional_wad_version>'. Check https://github.com/microsoft/WinAppDriver/releases to list available server versions or drop the '<optional_wad_version>' argument to install the latest stable one.
    at getResponseForW3CError (C:\Users\GoraBhattacharjee\AppData\Roaming\npm\node_modules\appium\node_modules\@appium\base-driver\lib\protocol\errors.ts:1103:34)
    at asyncHandler (C:\Users\GoraBhattacharjee\AppData\Roaming\npm\node_modules\appium\node_modules\@appium\base-driver\lib\protocol\protocol.ts:507:57)
The above error is caused by
Error: WinAppDriver.exe has not been found in any of these locations: C:\Program Files (x86)\Windows Application Driver\WinAppDriver.exe,C:\Program Files\Windows Application Driver\WinAppDriver.exe,C:\Program Files\Windows Application Driver\WinAppDriver.exe. Use the following driver script to install it: 'appium driver run windows install-wad <optional_wad_version>'. Check https://github.com/microsoft/WinAppDriver/releases to list available server versions or drop the '<optional_wad_version>' argument to install the latest stable one.
    at getWADInstallPath (C:\Users\GoraBhattacharjee\.appium\node_modules\appium-windows-driver\lib\installer.ts:95:9)
    at WinAppDriver._prepareSessionWithBuiltInServer (C:\Users\GoraBhattacharjee\.appium\node_modules\appium-windows-driver\lib\winappdriver.ts:193:28)
    at WinAppDriver.start (C:\Users\GoraBhattacharjee\.appium\node_modules\appium-windows-driver\lib\winappdriver.ts:164:7)
    at WindowsDriver.startWinAppDriverSession (C:\Users\GoraBhattacharjee\.appium\node_modules\appium-windows-driver\lib\driver.ts:189:5)
    at WindowsDriver.createSession (C:\Users\GoraBhattacharjee\.appium\node_modules\appium-windows-driver\lib\driver.ts:124:7)
    at AppiumDriver.createSession (C:\Users\GoraBhattacharjee\AppData\Roaming\npm\node_modules\appium\lib\appium.js:360:35)[0m
]]></error>
	</testcase>
	<testcase classname="test_ui.TestUI" name="test_merge_pdf_tab" time="0.065" timestamp="2025-12-08T13:38:36" file="test_ui.py" line="73">
		<error type="WebDriverException" message="Message: WinAppDriver.exe has not been found in any of these locations: C:\Program Files (x86)\Windows Application Driver\WinAppDriver.exe,C:\Program Files\Windows Application Driver\WinAppDriver.exe,C:\Program Files\Windows Application Driver\WinAppDriver.exe. Use the following driver script to install it: 'appium driver run windows install-wad &lt;optional_wad_version&gt;'. Check https://github.com/microsoft/WinAppDriver/releases to list available server versions or drop the '&lt;optional_wad_version&gt;' argument to install the latest stable one.&#10;Stacktrace:&#10;UnknownError: WinAppDriver.exe has not been found in any of these locations: C:\Program Files (x86)\Windows Application Driver\WinAppDriver.exe,C:\Program Files\Windows Application Driver\WinAppDriver.exe,C:\Program Files\Windows Application Driver\WinAppDriver.exe. Use the following driver script to install it: 'appium driver run windows install-wad &lt;optional_wad_version&gt;'. Check https://github.com/microsoft/WinAppDriver/releases to list available server versions or drop the '&lt;optional_wad_version&gt;' argument to install the latest stable one.&#10;    at getResponseForW3CError (C:\Users\GoraBhattacharjee\AppData\Roaming\npm\node_modules\appium\node_modules\@appium\base-driver\lib\protocol\errors.ts:1103:34)&#10;    at asyncHandler (C:\Users\GoraBhattacharjee\AppData\Roaming\npm\node_modules\appium\node_modules\@appium\base-driver\lib\protocol\protocol.ts:507:57)&#10;The above error is caused by&#10;Error: WinAppDriver.exe has not been found in any of these locations: C:\Program Files (x86)\Windows Application Driver\WinAppDriver.exe,C:\Program Files\Windows Application Driver\WinAppDriver.exe,C:\Program Files\Windows Application Driver\WinAppDriver.exe. Use the following driver script to install it: 'appium driver run windows install-wad &lt;optional_wad_version&gt;'. Check https://github.com/microsoft/WinAppDriver/releases to list available server versions or drop the '&lt;optional_wad_version&gt;' argument to install the latest stable one.&#10;    at getWADInstallPath (C:\Users\GoraBhattacharjee\.appium\node_modules\appium-windows-driver\lib\installer.ts:95:9)&#10;    at WinAppDriver._prepareSessionWithBuiltInServer (C:\Users\GoraBhattacharjee\.appium\node_modules\appium-windows-driver\lib\winappdriver.ts:193:28)&#10;    at WinAppDriver.start (C:\Users\GoraBhattacharjee\.appium\node_modules\appium-windows-driver\lib\winappdriver.ts:164:7)&#10;    at WindowsDriver.startWinAppDriverSession (C:\Users\GoraBhattacharjee\.appium\node_modules\appium-windows-driver\lib\driver.ts:189:5)&#10;    at WindowsDriver.createSession (C:\Users\GoraBhattacharjee\.appium\node_modules\appium-windows-driver\lib\driver.ts:124:7)&#10;    at AppiumDriver.createSession (C:\Users\GoraBhattacharjee\AppData\Roaming\npm\node_modules\appium\lib\appium.js:360:35)"><![CDATA[Traceback (most recent call last):
  File [35m"C:\PDFP\pdf-editor-pro\frontend\tests\test_ui.py"[0m, line [35m14[0m, in [35msetUp[0m
    self.driver = [31mwebdriver.Remote[0m[1;31m([0m
                  [31m~~~~~~~~~~~~~~~~[0m[1;31m^[0m
        [1;31mcommand_executor='http://127.0.0.1:4723',[0m
        [1;31m^^^^^^^^^^^^^^^^^^^^^^^^^^^^^^^^^^^^^^^^^[0m
        [1;31moptions=opts[0m
        [1;31m^^^^^^^^^^^^[0m
    [1;31m)[0m
    [1;31m^[0m
  File [35m"C:\Users\GoraBhattacharjee\AppData\Roaming\Python\Python314\site-packages\appium\webdriver\webdriver.py"[0m, line [35m249[0m, in [35m__init__[0m
    [31msuper().__init__[0m[1;31m([0m
    [31m~~~~~~~~~~~~~~~~[0m[1;31m^[0m
        [1;31mcommand_executor=command_executor,[0m
        [1;31m^^^^^^^^^^^^^^^^^^^^^^^^^^^^^^^^^^[0m
    ...<3 lines>...
        [1;31mclient_config=client_config,[0m
        [1;31m^^^^^^^^^^^^^^^^^^^^^^^^^^^^[0m
    [1;31m)[0m
    [1;31m^[0m
  File [35m"C:\Users\GoraBhattacharjee\AppData\Roaming\Python\Python314\site-packages\selenium\webdriver\remote\webdriver.py"[0m, line [35m263[0m, in [35m__init__[0m
    [31mself.start_session[0m[1;31m(capabilities)[0m
    [31m~~~~~~~~~~~~~~~~~~[0m[1;31m^^^^^^^^^^^^^^[0m
  File [35m"C:\Users\GoraBhattacharjee\AppData\Roaming\Python\Python314\site-packages\appium\webdriver\webdriver.py"[0m, line [35m342[0m, in [35mstart_session[0m
    response = self.execute(RemoteCommand.NEW_SESSION, w3c_caps)
  File [35m"C:\Users\GoraBhattacharjee\AppData\Roaming\Python\Python314\site-packages\selenium\webdriver\remote\webdriver.py"[0m, line [35m458[0m, in [35mexecute[0m
    [31mself.error_handler.check_response[0m[1;31m(response)[0m
    [31m~~~~~~~~~~~~~~~~~~~~~~~~~~~~~~~~~[0m[1;31m^^^^^^^^^^[0m
  File [35m"C:\Users\GoraBhattacharjee\AppData\Roaming\Python\Python314\site-packages\selenium\webdriver\remote\errorhandler.py"[0m, line [35m233[0m, in [35mcheck_response[0m
    raise exception_class(message, screen, stacktrace)
[1;35mselenium.common.exceptions.WebDriverException[0m: [35mMessage: WinAppDriver.exe has not been found in any of these locations: C:\Program Files (x86)\Windows Application Driver\WinAppDriver.exe,C:\Program Files\Windows Application Driver\WinAppDriver.exe,C:\Program Files\Windows Application Driver\WinAppDriver.exe. Use the following driver script to install it: 'appium driver run windows install-wad <optional_wad_version>'. Check https://github.com/microsoft/WinAppDriver/releases to list available server versions or drop the '<optional_wad_version>' argument to install the latest stable one.
Stacktrace:
UnknownError: WinAppDriver.exe has not been found in any of these locations: C:\Program Files (x86)\Windows Application Driver\WinAppDriver.exe,C:\Program Files\Windows Application Driver\WinAppDriver.exe,C:\Program Files\Windows Application Driver\WinAppDriver.exe. Use the following driver script to install it: 'appium driver run windows install-wad <optional_wad_version>'. Check https://github.com/microsoft/WinAppDriver/releases to list available server versions or drop the '<optional_wad_version>' argument to install the latest stable one.
    at getResponseForW3CError (C:\Users\GoraBhattacharjee\AppData\Roaming\npm\node_modules\appium\node_modules\@appium\base-driver\lib\protocol\errors.ts:1103:34)
    at asyncHandler (C:\Users\GoraBhattacharjee\AppData\Roaming\npm\node_modules\appium\node_modules\@appium\base-driver\lib\protocol\protocol.ts:507:57)
The above error is caused by
Error: WinAppDriver.exe has not been found in any of these locations: C:\Program Files (x86)\Windows Application Driver\WinAppDriver.exe,C:\Program Files\Windows Application Driver\WinAppDriver.exe,C:\Program Files\Windows Application Driver\WinAppDriver.exe. Use the following driver script to install it: 'appium driver run windows install-wad <optional_wad_version>'. Check https://github.com/microsoft/WinAppDriver/releases to list available server versions or drop the '<optional_wad_version>' argument to install the latest stable one.
    at getWADInstallPath (C:\Users\GoraBhattacharjee\.appium\node_modules\appium-windows-driver\lib\installer.ts:95:9)
    at WinAppDriver._prepareSessionWithBuiltInServer (C:\Users\GoraBhattacharjee\.appium\node_modules\appium-windows-driver\lib\winappdriver.ts:193:28)
    at WinAppDriver.start (C:\Users\GoraBhattacharjee\.appium\node_modules\appium-windows-driver\lib\winappdriver.ts:164:7)
    at WindowsDriver.startWinAppDriverSession (C:\Users\GoraBhattacharjee\.appium\node_modules\appium-windows-driver\lib\driver.ts:189:5)
    at WindowsDriver.createSession (C:\Users\GoraBhattacharjee\.appium\node_modules\appium-windows-driver\lib\driver.ts:124:7)
    at AppiumDriver.createSession (C:\Users\GoraBhattacharjee\AppData\Roaming\npm\node_modules\appium\lib\appium.js:360:35)[0m
]]></error>
	</testcase>
	<testcase classname="test_ui.TestUI" name="test_page_tab_spec" time="0.056" timestamp="2025-12-08T13:38:36" file="test_ui.py" line="52">
		<error type="WebDriverException" message="Message: WinAppDriver.exe has not been found in any of these locations: C:\Program Files (x86)\Windows Application Driver\WinAppDriver.exe,C:\Program Files\Windows Application Driver\WinAppDriver.exe,C:\Program Files\Windows Application Driver\WinAppDriver.exe. Use the following driver script to install it: 'appium driver run windows install-wad &lt;optional_wad_version&gt;'. Check https://github.com/microsoft/WinAppDriver/releases to list available server versions or drop the '&lt;optional_wad_version&gt;' argument to install the latest stable one.&#10;Stacktrace:&#10;UnknownError: WinAppDriver.exe has not been found in any of these locations: C:\Program Files (x86)\Windows Application Driver\WinAppDriver.exe,C:\Program Files\Windows Application Driver\WinAppDriver.exe,C:\Program Files\Windows Application Driver\WinAppDriver.exe. Use the following driver script to install it: 'appium driver run windows install-wad &lt;optional_wad_version&gt;'. Check https://github.com/microsoft/WinAppDriver/releases to list available server versions or drop the '&lt;optional_wad_version&gt;' argument to install the latest stable one.&#10;    at getResponseForW3CError (C:\Users\GoraBhattacharjee\AppData\Roaming\npm\node_modules\appium\node_modules\@appium\base-driver\lib\protocol\errors.ts:1103:34)&#10;    at asyncHandler (C:\Users\GoraBhattacharjee\AppData\Roaming\npm\node_modules\appium\node_modules\@appium\base-driver\lib\protocol\protocol.ts:507:57)&#10;The above error is caused by&#10;Error: WinAppDriver.exe has not been found in any of these locations: C:\Program Files (x86)\Windows Application Driver\WinAppDriver.exe,C:\Program Files\Windows Application Driver\WinAppDriver.exe,C:\Program Files\Windows Application Driver\WinAppDriver.exe. Use the following driver script to install it: 'appium driver run windows install-wad &lt;optional_wad_version&gt;'. Check https://github.com/microsoft/WinAppDriver/releases to list available server versions or drop the '&lt;optional_wad_version&gt;' argument to install the latest stable one.&#10;    at getWADInstallPath (C:\Users\GoraBhattacharjee\.appium\node_modules\appium-windows-driver\lib\installer.ts:95:9)&#10;    at WinAppDriver._prepareSessionWithBuiltInServer (C:\Users\GoraBhattacharjee\.appium\node_modules\appium-windows-driver\lib\winappdriver.ts:193:28)&#10;    at WinAppDriver.start (C:\Users\GoraBhattacharjee\.appium\node_modules\appium-windows-driver\lib\winappdriver.ts:164:7)&#10;    at WindowsDriver.startWinAppDriverSession (C:\Users\GoraBhattacharjee\.appium\node_modules\appium-windows-driver\lib\driver.ts:189:5)&#10;    at WindowsDriver.createSession (C:\Users\GoraBhattacharjee\.appium\node_modules\appium-windows-driver\lib\driver.ts:124:7)&#10;    at AppiumDriver.createSession (C:\Users\GoraBhattacharjee\AppData\Roaming\npm\node_modules\appium\lib\appium.js:360:35)"><![CDATA[Traceback (most recent call last):
  File [35m"C:\PDFP\pdf-editor-pro\frontend\tests\test_ui.py"[0m, line [35m14[0m, in [35msetUp[0m
    self.driver = [31mwebdriver.Remote[0m[1;31m([0m
                  [31m~~~~~~~~~~~~~~~~[0m[1;31m^[0m
        [1;31mcommand_executor='http://127.0.0.1:4723',[0m
        [1;31m^^^^^^^^^^^^^^^^^^^^^^^^^^^^^^^^^^^^^^^^^[0m
        [1;31moptions=opts[0m
        [1;31m^^^^^^^^^^^^[0m
    [1;31m)[0m
    [1;31m^[0m
  File [35m"C:\Users\GoraBhattacharjee\AppData\Roaming\Python\Python314\site-packages\appium\webdriver\webdriver.py"[0m, line [35m249[0m, in [35m__init__[0m
    [31msuper().__init__[0m[1;31m([0m
    [31m~~~~~~~~~~~~~~~~[0m[1;31m^[0m
        [1;31mcommand_executor=command_executor,[0m
        [1;31m^^^^^^^^^^^^^^^^^^^^^^^^^^^^^^^^^^[0m
    ...<3 lines>...
        [1;31mclient_config=client_config,[0m
        [1;31m^^^^^^^^^^^^^^^^^^^^^^^^^^^^[0m
    [1;31m)[0m
    [1;31m^[0m
  File [35m"C:\Users\GoraBhattacharjee\AppData\Roaming\Python\Python314\site-packages\selenium\webdriver\remote\webdriver.py"[0m, line [35m263[0m, in [35m__init__[0m
    [31mself.start_session[0m[1;31m(capabilities)[0m
    [31m~~~~~~~~~~~~~~~~~~[0m[1;31m^^^^^^^^^^^^^^[0m
  File [35m"C:\Users\GoraBhattacharjee\AppData\Roaming\Python\Python314\site-packages\appium\webdriver\webdriver.py"[0m, line [35m342[0m, in [35mstart_session[0m
    response = self.execute(RemoteCommand.NEW_SESSION, w3c_caps)
  File [35m"C:\Users\GoraBhattacharjee\AppData\Roaming\Python\Python314\site-packages\selenium\webdriver\remote\webdriver.py"[0m, line [35m458[0m, in [35mexecute[0m
    [31mself.error_handler.check_response[0m[1;31m(response)[0m
    [31m~~~~~~~~~~~~~~~~~~~~~~~~~~~~~~~~~[0m[1;31m^^^^^^^^^^[0m
  File [35m"C:\Users\GoraBhattacharjee\AppData\Roaming\Python\Python314\site-packages\selenium\webdriver\remote\errorhandler.py"[0m, line [35m233[0m, in [35mcheck_response[0m
    raise exception_class(message, screen, stacktrace)
[1;35mselenium.common.exceptions.WebDriverException[0m: [35mMessage: WinAppDriver.exe has not been found in any of these locations: C:\Program Files (x86)\Windows Application Driver\WinAppDriver.exe,C:\Program Files\Windows Application Driver\WinAppDriver.exe,C:\Program Files\Windows Application Driver\WinAppDriver.exe. Use the following driver script to install it: 'appium driver run windows install-wad <optional_wad_version>'. Check https://github.com/microsoft/WinAppDriver/releases to list available server versions or drop the '<optional_wad_version>' argument to install the latest stable one.
Stacktrace:
UnknownError: WinAppDriver.exe has not been found in any of these locations: C:\Program Files (x86)\Windows Application Driver\WinAppDriver.exe,C:\Program Files\Windows Application Driver\WinAppDriver.exe,C:\Program Files\Windows Application Driver\WinAppDriver.exe. Use the following driver script to install it: 'appium driver run windows install-wad <optional_wad_version>'. Check https://github.com/microsoft/WinAppDriver/releases to list available server versions or drop the '<optional_wad_version>' argument to install the latest stable one.
    at getResponseForW3CError (C:\Users\GoraBhattacharjee\AppData\Roaming\npm\node_modules\appium\node_modules\@appium\base-driver\lib\protocol\errors.ts:1103:34)
    at asyncHandler (C:\Users\GoraBhattacharjee\AppData\Roaming\npm\node_modules\appium\node_modules\@appium\base-driver\lib\protocol\protocol.ts:507:57)
The above error is caused by
Error: WinAppDriver.exe has not been found in any of these locations: C:\Program Files (x86)\Windows Application Driver\WinAppDriver.exe,C:\Program Files\Windows Application Driver\WinAppDriver.exe,C:\Program Files\Windows Application Driver\WinAppDriver.exe. Use the following driver script to install it: 'appium driver run windows install-wad <optional_wad_version>'. Check https://github.com/microsoft/WinAppDriver/releases to list available server versions or drop the '<optional_wad_version>' argument to install the latest stable one.
    at getWADInstallPath (C:\Users\GoraBhattacharjee\.appium\node_modules\appium-windows-driver\lib\installer.ts:95:9)
    at WinAppDriver._prepareSessionWithBuiltInServer (C:\Users\GoraBhattacharjee\.appium\node_modules\appium-windows-driver\lib\winappdriver.ts:193:28)
    at WinAppDriver.start (C:\Users\GoraBhattacharjee\.appium\node_modules\appium-windows-driver\lib\winappdriver.ts:164:7)
    at WindowsDriver.startWinAppDriverSession (C:\Users\GoraBhattacharjee\.appium\node_modules\appium-windows-driver\lib\driver.ts:189:5)
    at WindowsDriver.createSession (C:\Users\GoraBhattacharjee\.appium\node_modules\appium-windows-driver\lib\driver.ts:124:7)
    at AppiumDriver.createSession (C:\Users\GoraBhattacharjee\AppData\Roaming\npm\node_modules\appium\lib\appium.js:360:35)[0m
]]></error>
	</testcase>
	<testcase classname="test_ui.TestUI" name="test_protect_tab_spec" time="0.063" timestamp="2025-12-08T13:38:37" file="test_ui.py" line="59">
		<error type="WebDriverException" message="Message: WinAppDriver.exe has not been found in any of these locations: C:\Program Files (x86)\Windows Application Driver\WinAppDriver.exe,C:\Program Files\Windows Application Driver\WinAppDriver.exe,C:\Program Files\Windows Application Driver\WinAppDriver.exe. Use the following driver script to install it: 'appium driver run windows install-wad &lt;optional_wad_version&gt;'. Check https://github.com/microsoft/WinAppDriver/releases to list available server versions or drop the '&lt;optional_wad_version&gt;' argument to install the latest stable one.&#10;Stacktrace:&#10;UnknownError: WinAppDriver.exe has not been found in any of these locations: C:\Program Files (x86)\Windows Application Driver\WinAppDriver.exe,C:\Program Files\Windows Application Driver\WinAppDriver.exe,C:\Program Files\Windows Application Driver\WinAppDriver.exe. Use the following driver script to install it: 'appium driver run windows install-wad &lt;optional_wad_version&gt;'. Check https://github.com/microsoft/WinAppDriver/releases to list available server versions or drop the '&lt;optional_wad_version&gt;' argument to install the latest stable one.&#10;    at getResponseForW3CError (C:\Users\GoraBhattacharjee\AppData\Roaming\npm\node_modules\appium\node_modules\@appium\base-driver\lib\protocol\errors.ts:1103:34)&#10;    at asyncHandler (C:\Users\GoraBhattacharjee\AppData\Roaming\npm\node_modules\appium\node_modules\@appium\base-driver\lib\protocol\protocol.ts:507:57)&#10;The above error is caused by&#10;Error: WinAppDriver.exe has not been found in any of these locations: C:\Program Files (x86)\Windows Application Driver\WinAppDriver.exe,C:\Program Files\Windows Application Driver\WinAppDriver.exe,C:\Program Files\Windows Application Driver\WinAppDriver.exe. Use the following driver script to install it: 'appium driver run windows install-wad &lt;optional_wad_version&gt;'. Check https://github.com/microsoft/WinAppDriver/releases to list available server versions or drop the '&lt;optional_wad_version&gt;' argument to install the latest stable one.&#10;    at getWADInstallPath (C:\Users\GoraBhattacharjee\.appium\node_modules\appium-windows-driver\lib\installer.ts:95:9)&#10;    at WinAppDriver._prepareSessionWithBuiltInServer (C:\Users\GoraBhattacharjee\.appium\node_modules\appium-windows-driver\lib\winappdriver.ts:193:28)&#10;    at WinAppDriver.start (C:\Users\GoraBhattacharjee\.appium\node_modules\appium-windows-driver\lib\winappdriver.ts:164:7)&#10;    at WindowsDriver.startWinAppDriverSession (C:\Users\GoraBhattacharjee\.appium\node_modules\appium-windows-driver\lib\driver.ts:189:5)&#10;    at WindowsDriver.createSession (C:\Users\GoraBhattacharjee\.appium\node_modules\appium-windows-driver\lib\driver.ts:124:7)&#10;    at AppiumDriver.createSession (C:\Users\GoraBhattacharjee\AppData\Roaming\npm\node_modules\appium\lib\appium.js:360:35)"><![CDATA[Traceback (most recent call last):
  File [35m"C:\PDFP\pdf-editor-pro\frontend\tests\test_ui.py"[0m, line [35m14[0m, in [35msetUp[0m
    self.driver = [31mwebdriver.Remote[0m[1;31m([0m
                  [31m~~~~~~~~~~~~~~~~[0m[1;31m^[0m
        [1;31mcommand_executor='http://127.0.0.1:4723',[0m
        [1;31m^^^^^^^^^^^^^^^^^^^^^^^^^^^^^^^^^^^^^^^^^[0m
        [1;31moptions=opts[0m
        [1;31m^^^^^^^^^^^^[0m
    [1;31m)[0m
    [1;31m^[0m
  File [35m"C:\Users\GoraBhattacharjee\AppData\Roaming\Python\Python314\site-packages\appium\webdriver\webdriver.py"[0m, line [35m249[0m, in [35m__init__[0m
    [31msuper().__init__[0m[1;31m([0m
    [31m~~~~~~~~~~~~~~~~[0m[1;31m^[0m
        [1;31mcommand_executor=command_executor,[0m
        [1;31m^^^^^^^^^^^^^^^^^^^^^^^^^^^^^^^^^^[0m
    ...<3 lines>...
        [1;31mclient_config=client_config,[0m
        [1;31m^^^^^^^^^^^^^^^^^^^^^^^^^^^^[0m
    [1;31m)[0m
    [1;31m^[0m
  File [35m"C:\Users\GoraBhattacharjee\AppData\Roaming\Python\Python314\site-packages\selenium\webdriver\remote\webdriver.py"[0m, line [35m263[0m, in [35m__init__[0m
    [31mself.start_session[0m[1;31m(capabilities)[0m
    [31m~~~~~~~~~~~~~~~~~~[0m[1;31m^^^^^^^^^^^^^^[0m
  File [35m"C:\Users\GoraBhattacharjee\AppData\Roaming\Python\Python314\site-packages\appium\webdriver\webdriver.py"[0m, line [35m342[0m, in [35mstart_session[0m
    response = self.execute(RemoteCommand.NEW_SESSION, w3c_caps)
  File [35m"C:\Users\GoraBhattacharjee\AppData\Roaming\Python\Python314\site-packages\selenium\webdriver\remote\webdriver.py"[0m, line [35m458[0m, in [35mexecute[0m
    [31mself.error_handler.check_response[0m[1;31m(response)[0m
    [31m~~~~~~~~~~~~~~~~~~~~~~~~~~~~~~~~~[0m[1;31m^^^^^^^^^^[0m
  File [35m"C:\Users\GoraBhattacharjee\AppData\Roaming\Python\Python314\site-packages\selenium\webdriver\remote\errorhandler.py"[0m, line [35m233[0m, in [35mcheck_response[0m
    raise exception_class(message, screen, stacktrace)
[1;35mselenium.common.exceptions.WebDriverException[0m: [35mMessage: WinAppDriver.exe has not been found in any of these locations: C:\Program Files (x86)\Windows Application Driver\WinAppDriver.exe,C:\Program Files\Windows Application Driver\WinAppDriver.exe,C:\Program Files\Windows Application Driver\WinAppDriver.exe. Use the following driver script to install it: 'appium driver run windows install-wad <optional_wad_version>'. Check https://github.com/microsoft/WinAppDriver/releases to list available server versions or drop the '<optional_wad_version>' argument to install the latest stable one.
Stacktrace:
UnknownError: WinAppDriver.exe has not been found in any of these locations: C:\Program Files (x86)\Windows Application Driver\WinAppDriver.exe,C:\Program Files\Windows Application Driver\WinAppDriver.exe,C:\Program Files\Windows Application Driver\WinAppDriver.exe. Use the following driver script to install it: 'appium driver run windows install-wad <optional_wad_version>'. Check https://github.com/microsoft/WinAppDriver/releases to list available server versions or drop the '<optional_wad_version>' argument to install the latest stable one.
    at getResponseForW3CError (C:\Users\GoraBhattacharjee\AppData\Roaming\npm\node_modules\appium\node_modules\@appium\base-driver\lib\protocol\errors.ts:1103:34)
    at asyncHandler (C:\Users\GoraBhattacharjee\AppData\Roaming\npm\node_modules\appium\node_modules\@appium\base-driver\lib\protocol\protocol.ts:507:57)
The above error is caused by
Error: WinAppDriver.exe has not been found in any of these locations: C:\Program Files (x86)\Windows Application Driver\WinAppDriver.exe,C:\Program Files\Windows Application Driver\WinAppDriver.exe,C:\Program Files\Windows Application Driver\WinAppDriver.exe. Use the following driver script to install it: 'appium driver run windows install-wad <optional_wad_version>'. Check https://github.com/microsoft/WinAppDriver/releases to list available server versions or drop the '<optional_wad_version>' argument to install the latest stable one.
    at getWADInstallPath (C:\Users\GoraBhattacharjee\.appium\node_modules\appium-windows-driver\lib\installer.ts:95:9)
    at WinAppDriver._prepareSessionWithBuiltInServer (C:\Users\GoraBhattacharjee\.appium\node_modules\appium-windows-driver\lib\winappdriver.ts:193:28)
    at WinAppDriver.start (C:\Users\GoraBhattacharjee\.appium\node_modules\appium-windows-driver\lib\winappdriver.ts:164:7)
    at WindowsDriver.startWinAppDriverSession (C:\Users\GoraBhattacharjee\.appium\node_modules\appium-windows-driver\lib\driver.ts:189:5)
    at WindowsDriver.createSession (C:\Users\GoraBhattacharjee\.appium\node_modules\appium-windows-driver\lib\driver.ts:124:7)
    at AppiumDriver.createSession (C:\Users\GoraBhattacharjee\AppData\Roaming\npm\node_modules\appium\lib\appium.js:360:35)[0m
]]></error>
	</testcase>
	<testcase classname="test_ui.TestUI" name="test_tools_tab" time="0.057" timestamp="2025-12-08T13:38:37" file="test_ui.py" line="80">
		<error type="WebDriverException" message="Message: WinAppDriver.exe has not been found in any of these locations: C:\Program Files (x86)\Windows Application Driver\WinAppDriver.exe,C:\Program Files\Windows Application Driver\WinAppDriver.exe,C:\Program Files\Windows Application Driver\WinAppDriver.exe. Use the following driver script to install it: 'appium driver run windows install-wad &lt;optional_wad_version&gt;'. Check https://github.com/microsoft/WinAppDriver/releases to list available server versions or drop the '&lt;optional_wad_version&gt;' argument to install the latest stable one.&#10;Stacktrace:&#10;UnknownError: WinAppDriver.exe has not been found in any of these locations: C:\Program Files (x86)\Windows Application Driver\WinAppDriver.exe,C:\Program Files\Windows Application Driver\WinAppDriver.exe,C:\Program Files\Windows Application Driver\WinAppDriver.exe. Use the following driver script to install it: 'appium driver run windows install-wad &lt;optional_wad_version&gt;'. Check https://github.com/microsoft/WinAppDriver/releases to list available server versions or drop the '&lt;optional_wad_version&gt;' argument to install the latest stable one.&#10;    at getResponseForW3CError (C:\Users\GoraBhattacharjee\AppData\Roaming\npm\node_modules\appium\node_modules\@appium\base-driver\lib\protocol\errors.ts:1103:34)&#10;    at asyncHandler (C:\Users\GoraBhattacharjee\AppData\Roaming\npm\node_modules\appium\node_modules\@appium\base-driver\lib\protocol\protocol.ts:507:57)&#10;The above error is caused by&#10;Error: WinAppDriver.exe has not been found in any of these locations: C:\Program Files (x86)\Windows Application Driver\WinAppDriver.exe,C:\Program Files\Windows Application Driver\WinAppDriver.exe,C:\Program Files\Windows Application Driver\WinAppDriver.exe. Use the following driver script to install it: 'appium driver run windows install-wad &lt;optional_wad_version&gt;'. Check https://github.com/microsoft/WinAppDriver/releases to list available server versions or drop the '&lt;optional_wad_version&gt;' argument to install the latest stable one.&#10;    at getWADInstallPath (C:\Users\GoraBhattacharjee\.appium\node_modules\appium-windows-driver\lib\installer.ts:95:9)&#10;    at WinAppDriver._prepareSessionWithBuiltInServer (C:\Users\GoraBhattacharjee\.appium\node_modules\appium-windows-driver\lib\winappdriver.ts:193:28)&#10;    at WinAppDriver.start (C:\Users\GoraBhattacharjee\.appium\node_modules\appium-windows-driver\lib\winappdriver.ts:164:7)&#10;    at WindowsDriver.startWinAppDriverSession (C:\Users\GoraBhattacharjee\.appium\node_modules\appium-windows-driver\lib\driver.ts:189:5)&#10;    at WindowsDriver.createSession (C:\Users\GoraBhattacharjee\.appium\node_modules\appium-windows-driver\lib\driver.ts:124:7)&#10;    at AppiumDriver.createSession (C:\Users\GoraBhattacharjee\AppData\Roaming\npm\node_modules\appium\lib\appium.js:360:35)"><![CDATA[Traceback (most recent call last):
  File [35m"C:\PDFP\pdf-editor-pro\frontend\tests\test_ui.py"[0m, line [35m14[0m, in [35msetUp[0m
    self.driver = [31mwebdriver.Remote[0m[1;31m([0m
                  [31m~~~~~~~~~~~~~~~~[0m[1;31m^[0m
        [1;31mcommand_executor='http://127.0.0.1:4723',[0m
        [1;31m^^^^^^^^^^^^^^^^^^^^^^^^^^^^^^^^^^^^^^^^^[0m
        [1;31moptions=opts[0m
        [1;31m^^^^^^^^^^^^[0m
    [1;31m)[0m
    [1;31m^[0m
  File [35m"C:\Users\GoraBhattacharjee\AppData\Roaming\Python\Python314\site-packages\appium\webdriver\webdriver.py"[0m, line [35m249[0m, in [35m__init__[0m
    [31msuper().__init__[0m[1;31m([0m
    [31m~~~~~~~~~~~~~~~~[0m[1;31m^[0m
        [1;31mcommand_executor=command_executor,[0m
        [1;31m^^^^^^^^^^^^^^^^^^^^^^^^^^^^^^^^^^[0m
    ...<3 lines>...
        [1;31mclient_config=client_config,[0m
        [1;31m^^^^^^^^^^^^^^^^^^^^^^^^^^^^[0m
    [1;31m)[0m
    [1;31m^[0m
  File [35m"C:\Users\GoraBhattacharjee\AppData\Roaming\Python\Python314\site-packages\selenium\webdriver\remote\webdriver.py"[0m, line [35m263[0m, in [35m__init__[0m
    [31mself.start_session[0m[1;31m(capabilities)[0m
    [31m~~~~~~~~~~~~~~~~~~[0m[1;31m^^^^^^^^^^^^^^[0m
  File [35m"C:\Users\GoraBhattacharjee\AppData\Roaming\Python\Python314\site-packages\appium\webdriver\webdriver.py"[0m, line [35m342[0m, in [35mstart_session[0m
    response = self.execute(RemoteCommand.NEW_SESSION, w3c_caps)
  File [35m"C:\Users\GoraBhattacharjee\AppData\Roaming\Python\Python314\site-packages\selenium\webdriver\remote\webdriver.py"[0m, line [35m458[0m, in [35mexecute[0m
    [31mself.error_handler.check_response[0m[1;31m(response)[0m
    [31m~~~~~~~~~~~~~~~~~~~~~~~~~~~~~~~~~[0m[1;31m^^^^^^^^^^[0m
  File [35m"C:\Users\GoraBhattacharjee\AppData\Roaming\Python\Python314\site-packages\selenium\webdriver\remote\errorhandler.py"[0m, line [35m233[0m, in [35mcheck_response[0m
    raise exception_class(message, screen, stacktrace)
[1;35mselenium.common.exceptions.WebDriverException[0m: [35mMessage: WinAppDriver.exe has not been found in any of these locations: C:\Program Files (x86)\Windows Application Driver\WinAppDriver.exe,C:\Program Files\Windows Application Driver\WinAppDriver.exe,C:\Program Files\Windows Application Driver\WinAppDriver.exe. Use the following driver script to install it: 'appium driver run windows install-wad <optional_wad_version>'. Check https://github.com/microsoft/WinAppDriver/releases to list available server versions or drop the '<optional_wad_version>' argument to install the latest stable one.
Stacktrace:
UnknownError: WinAppDriver.exe has not been found in any of these locations: C:\Program Files (x86)\Windows Application Driver\WinAppDriver.exe,C:\Program Files\Windows Application Driver\WinAppDriver.exe,C:\Program Files\Windows Application Driver\WinAppDriver.exe. Use the following driver script to install it: 'appium driver run windows install-wad <optional_wad_version>'. Check https://github.com/microsoft/WinAppDriver/releases to list available server versions or drop the '<optional_wad_version>' argument to install the latest stable one.
    at getResponseForW3CError (C:\Users\GoraBhattacharjee\AppData\Roaming\npm\node_modules\appium\node_modules\@appium\base-driver\lib\protocol\errors.ts:1103:34)
    at asyncHandler (C:\Users\GoraBhattacharjee\AppData\Roaming\npm\node_modules\appium\node_modules\@appium\base-driver\lib\protocol\protocol.ts:507:57)
The above error is caused by
Error: WinAppDriver.exe has not been found in any of these locations: C:\Program Files (x86)\Windows Application Driver\WinAppDriver.exe,C:\Program Files\Windows Application Driver\WinAppDriver.exe,C:\Program Files\Windows Application Driver\WinAppDriver.exe. Use the following driver script to install it: 'appium driver run windows install-wad <optional_wad_version>'. Check https://github.com/microsoft/WinAppDriver/releases to list available server versions or drop the '<optional_wad_version>' argument to install the latest stable one.
    at getWADInstallPath (C:\Users\GoraBhattacharjee\.appium\node_modules\appium-windows-driver\lib\installer.ts:95:9)
    at WinAppDriver._prepareSessionWithBuiltInServer (C:\Users\GoraBhattacharjee\.appium\node_modules\appium-windows-driver\lib\winappdriver.ts:193:28)
    at WinAppDriver.start (C:\Users\GoraBhattacharjee\.appium\node_modules\appium-windows-driver\lib\winappdriver.ts:164:7)
    at WindowsDriver.startWinAppDriverSession (C:\Users\GoraBhattacharjee\.appium\node_modules\appium-windows-driver\lib\driver.ts:189:5)
    at WindowsDriver.createSession (C:\Users\GoraBhattacharjee\.appium\node_modules\appium-windows-driver\lib\driver.ts:124:7)
    at AppiumDriver.createSession (C:\Users\GoraBhattacharjee\AppData\Roaming\npm\node_modules\appium\lib\appium.js:360:35)[0m
]]></error>
	</testcase>
</testsuite>
